# JRE version: OpenJDK Runtime Environment (11.0.13) (build 11.0.13+0-b1751.21-8125866)
# Java VM: OpenJDK 64-Bit Server VM (11.0.13+0-b1751.21-8125866, mixed mode, tiered, compressed oops, g1 gc, windows-amd64)
Heap:
 garbage-first heap   total 181248K, used 102472K [0x0000000080000000, 0x0000000100000000)
  region size 1024K, 9 young (9216K), 7 survivors (7168K)
 Metaspace       used 129105K, capacity 133020K, committed 133792K, reserved 1165312K
  class space    used 15588K, capacity 17103K, committed 17280K, reserved 1048576K
GC Heap History (20 events):
Event: 2654.718 GC heap before
{Heap before GC invocations=131 (full 0):
 garbage-first heap   total 181248K, used 133285K [0x0000000080000000, 0x0000000100000000)
  region size 1024K, 39 young (39936K), 1 survivors (1024K)
 Metaspace       used 128746K, capacity 132631K, committed 133024K, reserved 1165312K
  class space    used 15579K, capacity 17088K, committed 17280K, reserved 1048576K
}
Event: 2654.726 GC heap after
{Heap after GC invocations=132 (full 0):
 garbage-first heap   total 181248K, used 96964K [0x0000000080000000, 0x0000000100000000)
  region size 1024K, 2 young (2048K), 2 survivors (2048K)
 Metaspace       used 128746K, capacity 132631K, committed 133024K, reserved 1165312K
  class space    used 15579K, capacity 17088K, committed 17280K, reserved 1048576K
}
Event: 2791.367 GC heap before
{Heap before GC invocations=133 (full 0):
 garbage-first heap   total 181248K, used 140996K [0x0000000080000000, 0x0000000100000000)
  region size 1024K, 43 young (44032K), 2 survivors (2048K)
 Metaspace       used 128837K, capacity 132763K, committed 133280K, reserved 1165312K
  class space    used 15580K, capacity 17088K, committed 17280K, reserved 1048576K
}
Event: 2791.373 GC heap after
{Heap after GC invocations=134 (full 0):
 garbage-first heap   total 181248K, used 101235K [0x0000000080000000, 0x0000000100000000)
  region size 1024K, 6 young (6144K), 6 survivors (6144K)
 Metaspace       used 128837K, capacity 132763K, committed 133280K, reserved 1165312K
  class space    used 15580K, capacity 17088K, committed 17280K, reserved 1048576K
}
Event: 2791.404 GC heap before
{Heap before GC invocations=134 (full 0):
 garbage-first heap   total 181248K, used 102259K [0x0000000080000000, 0x0000000100000000)
  region size 1024K, 8 young (8192K), 6 survivors (6144K)
 Metaspace       used 128838K, capacity 132763K, committed 133280K, reserved 1165312K
  class space    used 15580K, capacity 17088K, committed 17280K, reserved 1048576K
}
Event: 2791.415 GC heap after
{Heap after GC invocations=135 (full 0):
 garbage-first heap   total 181248K, used 97824K [0x0000000080000000, 0x0000000100000000)
  region size 1024K, 1 young (1024K), 1 survivors (1024K)
 Metaspace       used 128838K, capacity 132763K, committed 133280K, reserved 1165312K
  class space    used 15580K, capacity 17088K, committed 17280K, reserved 1048576K
}
Event: 2791.636 GC heap before
{Heap before GC invocations=135 (full 0):
 garbage-first heap   total 181248K, used 107040K [0x0000000080000000, 0x0000000100000000)
  region size 1024K, 11 young (11264K), 1 survivors (1024K)
 Metaspace       used 128851K, capacity 132827K, committed 133280K, reserved 1165312K
  class space    used 15580K, capacity 17088K, committed 17280K, reserved 1048576K
}
Event: 2791.645 GC heap after
{Heap after GC invocations=136 (full 0):
 garbage-first heap   total 181248K, used 98703K [0x0000000080000000, 0x0000000100000000)
  region size 1024K, 2 young (2048K), 2 survivors (2048K)
 Metaspace       used 128851K, capacity 132827K, committed 133280K, reserved 1165312K
  class space    used 15580K, capacity 17088K, committed 17280K, reserved 1048576K
}
Event: 2792.146 GC heap before
{Heap before GC invocations=137 (full 0):
 garbage-first heap   total 181248K, used 145807K [0x0000000080000000, 0x0000000100000000)
  region size 1024K, 45 young (46080K), 2 survivors (2048K)
 Metaspace       used 129196K, capacity 133219K, committed 133536K, reserved 1165312K
  class space    used 15602K, capacity 17132K, committed 17280K, reserved 1048576K
}
Event: 2792.154 GC heap after
{Heap after GC invocations=138 (full 0):
 garbage-first heap   total 181248K, used 109556K [0x0000000080000000, 0x0000000100000000)
  region size 1024K, 6 young (6144K), 6 survivors (6144K)
 Metaspace       used 129196K, capacity 133219K, committed 133536K, reserved 1165312K
  class space    used 15602K, capacity 17132K, committed 17280K, reserved 1048576K
}
Event: 2792.177 GC heap before
{Heap before GC invocations=138 (full 0):
 garbage-first heap   total 181248K, used 111604K [0x0000000080000000, 0x0000000100000000)
  region size 1024K, 8 young (8192K), 6 survivors (6144K)
 Metaspace       used 129198K, capacity 133219K, committed 133536K, reserved 1165312K
  class space    used 15602K, capacity 17132K, committed 17280K, reserved 1048576K
}
Event: 2792.190 GC heap after
{Heap after GC invocations=139 (full 0):
 garbage-first heap   total 181248K, used 96310K [0x0000000080000000, 0x0000000100000000)
  region size 1024K, 1 young (1024K), 1 survivors (1024K)
 Metaspace       used 129198K, capacity 133219K, committed 133536K, reserved 1165312K
  class space    used 15602K, capacity 17132K, committed 17280K, reserved 1048576K
}
Event: 2792.506 GC heap before
{Heap before GC invocations=139 (full 0):
 garbage-first heap   total 181248K, used 136246K [0x0000000080000000, 0x0000000100000000)
  region size 1024K, 42 young (43008K), 1 survivors (1024K)
 Metaspace       used 129269K, capacity 133299K, committed 133792K, reserved 1165312K
  class space    used 15602K, capacity 17132K, committed 17280K, reserved 1048576K
}
Event: 2792.512 GC heap after
{Heap after GC invocations=140 (full 0):
 garbage-first heap   total 181248K, used 96538K [0x0000000080000000, 0x0000000100000000)
  region size 1024K, 2 young (2048K), 2 survivors (2048K)
 Metaspace       used 129269K, capacity 133299K, committed 133792K, reserved 1165312K
  class space    used 15602K, capacity 17132K, committed 17280K, reserved 1048576K
}
Event: 4905.698 GC heap before
{Heap before GC invocations=141 (full 0):
 garbage-first heap   total 181248K, used 144666K [0x0000000080000000, 0x0000000100000000)
  region size 1024K, 47 young (48128K), 2 survivors (2048K)
 Metaspace       used 129020K, capacity 132973K, committed 133792K, reserved 1165312K
  class space    used 15580K, capacity 17088K, committed 17280K, reserved 1048576K
}
Event: 4905.723 GC heap after
{Heap after GC invocations=142 (full 0):
 garbage-first heap   total 181248K, used 96785K [0x0000000080000000, 0x0000000100000000)
  region size 1024K, 2 young (2048K), 2 survivors (2048K)
 Metaspace       used 129020K, capacity 132973K, committed 133792K, reserved 1165312K
  class space    used 15580K, capacity 17088K, committed 17280K, reserved 1048576K
}
Event: 4906.040 GC heap before
{Heap before GC invocations=142 (full 0):
 garbage-first heap   total 181248K, used 102929K [0x0000000080000000, 0x0000000100000000)
  region size 1024K, 8 young (8192K), 2 survivors (2048K)
 Metaspace       used 129028K, capacity 132974K, committed 133792K, reserved 1165312K
  class space    used 15580K, capacity 17088K, committed 17280K, reserved 1048576K
}
Event: 4906.140 GC heap after
{Heap after GC invocations=143 (full 0):
 garbage-first heap   total 181248K, used 94128K [0x0000000080000000, 0x0000000100000000)
  region size 1024K, 1 young (1024K), 1 survivors (1024K)
 Metaspace       used 129028K, capacity 132974K, committed 133792K, reserved 1165312K
  class space    used 15580K, capacity 17088K, committed 17280K, reserved 1048576K
}
Event: 4907.495 GC heap before
{Heap before GC invocations=143 (full 0):
 garbage-first heap   total 181248K, used 129968K [0x0000000080000000, 0x0000000100000000)
  region size 1024K, 38 young (38912K), 1 survivors (1024K)
 Metaspace       used 129105K, capacity 133020K, committed 133792K, reserved 1165312K
  class space    used 15588K, capacity 17103K, committed 17280K, reserved 1048576K
}
Event: 4907.511 GC heap after
{Heap after GC invocations=144 (full 0):
 garbage-first heap   total 181248K, used 99400K [0x0000000080000000, 0x0000000100000000)
  region size 1024K, 7 young (7168K), 7 survivors (7168K)
 Metaspace       used 129105K, capacity 133020K, committed 133792K, reserved 1165312K
  class space    used 15588K, capacity 17103K, committed 17280K, reserved 1048576K
}

